[
  {
    "line": 2,
    "elements": [
      {
        "line": 16,
        "name": "Login with valid data",
        "description": "",
        "id": "login;login-with-valid-data;;2",
        "type": "scenario",
        "keyword": "Scenario Outline",
        "steps": [
          {
            "result": {
              "duration": 15261850800,
              "status": "passed"
            },
            "line": 9,
            "name": "I navigate to login page",
            "match": {
              "location": "LoginDokter.navigateLogin()"
            },
            "keyword": "Given "
          },
          {
            "result": {
              "duration": 7157051900,
              "status": "passed"
            },
            "line": 10,
            "name": "I input Dokter6@gmail.com and Dokter@1",
            "match": {
              "arguments": [
                {
                  "val": "Dokter6@gmail.com",
                  "offset": 8
                },
                {
                  "val": "Dokter@1",
                  "offset": 30
                }
              ],
              "location": "LoginDokter.inputEmailPassword(String,String)"
            },
            "keyword": "When "
          },
          {
            "result": {
              "duration": 5611353500,
              "status": "passed"
            },
            "line": 11,
            "name": "I click login button",
            "match": {
              "location": "LoginDokter.clickLoginButton()"
            },
            "keyword": "Then "
          },
          {
            "result": {
              "duration": 3754694500,
              "status": "passed"
            },
            "line": 12,
            "name": "I navigate to dashboard",
            "match": {
              "location": "LoginDokter.navigateDashboard()"
            },
            "keyword": "And "
          }
        ],
        "tags": [
          {
            "name": "@LoginPageDokter"
          },
          {
            "name": "@Positive-Login"
          }
        ]
      },
      {
        "line": 27,
        "name": "Login with invalid data",
        "description": "",
        "id": "login;login-with-invalid-data;;2",
        "type": "scenario",
        "keyword": "Scenario Outline",
        "steps": [
          {
            "result": {
              "duration": 10541850500,
              "status": "passed"
            },
            "line": 20,
            "name": "I navigate to login page",
            "match": {
              "location": "LoginDokter.navigateLogin()"
            },
            "keyword": "Given "
          },
          {
            "result": {
              "error_message": "cucumber.runtime.AmbiguousStepDefinitionsException: \"I input invalid Dokter6@gmail.com and invalid xxx\" matches more than one step definition:\n  \"I input (.*) and (.*)\" in LoginDokter.inputEmailPassword(String,String)\n  \"I input invalid (.*) and invalid (.*)\" in LoginDokter.inputBlankEmailPassword(String,String)\n\r\n\tat cucumber.runtime.RuntimeGlue.stepDefinitionMatch(RuntimeGlue.java:89)\r\n\tat cucumber.runner.Runner.addTestStepsForPickleSteps(Runner.java:73)\r\n\tat cucumber.runner.Runner.createTestCaseForPickle(Runner.java:63)\r\n\tat cucumber.runner.Runner.runPickle(Runner.java:43)\r\n\tat cucumber.runtime.Runtime.runFeature(Runtime.java:120)\r\n\tat cucumber.runtime.Runtime.run(Runtime.java:106)\r\n\tat cucumber.api.cli.Main.run(Main.java:35)\r\n\tat cucumber.api.cli.Main$run.call(Unknown Source)\r\n\tat org.codehaus.groovy.runtime.callsite.CallSiteArray.defaultCall(CallSiteArray.java:47)\r\n\tat org.codehaus.groovy.runtime.callsite.AbstractCallSite.call(AbstractCallSite.java:116)\r\n\tat org.codehaus.groovy.runtime.callsite.AbstractCallSite.call(AbstractCallSite.java:136)\r\n\tat com.kms.katalon.core.cucumber.keyword.CucumberBuiltinKeywords$_runFeatureFile_closure1.doCall(CucumberBuiltinKeywords.groovy:108)\r\n\tat com.kms.katalon.core.cucumber.keyword.CucumberBuiltinKeywords$_runFeatureFile_closure1.doCall(CucumberBuiltinKeywords.groovy)\r\n\tat sun.reflect.NativeMethodAccessorImpl.invoke0(Native Method)\r\n\tat sun.reflect.NativeMethodAccessorImpl.invoke(NativeMethodAccessorImpl.java:62)\r\n\tat sun.reflect.DelegatingMethodAccessorImpl.invoke(DelegatingMethodAccessorImpl.java:43)\r\n\tat java.lang.reflect.Method.invoke(Method.java:498)\r\n\tat org.codehaus.groovy.reflection.CachedMethod.invoke(CachedMethod.java:98)\r\n\tat groovy.lang.MetaMethod.doMethodInvoke(MetaMethod.java:325)\r\n\tat org.codehaus.groovy.runtime.metaclass.ClosureMetaClass.invokeMethod(ClosureMetaClass.java:264)\r\n\tat groovy.lang.MetaClassImpl.invokeMethod(MetaClassImpl.java:1034)\r\n\tat groovy.lang.Closure.call(Closure.java:420)\r\n\tat groovy.lang.Closure.call(Closure.java:414)\r\n\tat com.kms.katalon.core.keyword.internal.KeywordMain.runKeyword(KeywordMain.groovy:75)\r\n\tat com.kms.katalon.core.keyword.internal.KeywordMain.runKeyword(KeywordMain.groovy:69)\r\n\tat com.kms.katalon.core.keyword.internal.KeywordMain$runKeyword.call(Unknown Source)\r\n\tat org.codehaus.groovy.runtime.callsite.CallSiteArray.defaultCall(CallSiteArray.java:47)\r\n\tat org.codehaus.groovy.runtime.callsite.AbstractCallSite.call(AbstractCallSite.java:116)\r\n\tat org.codehaus.groovy.runtime.callsite.AbstractCallSite.call(AbstractCallSite.java:152)\r\n\tat com.kms.katalon.core.cucumber.keyword.CucumberBuiltinKeywords.runFeatureFile(CucumberBuiltinKeywords.groovy:75)\r\n\tat com.kms.katalon.core.cucumber.keyword.CucumberBuiltinKeywords$runFeatureFile$0.callStatic(Unknown Source)\r\n\tat org.codehaus.groovy.runtime.callsite.CallSiteArray.defaultCallStatic(CallSiteArray.java:55)\r\n\tat org.codehaus.groovy.runtime.callsite.AbstractCallSite.callStatic(AbstractCallSite.java:197)\r\n\tat org.codehaus.groovy.runtime.callsite.AbstractCallSite.callStatic(AbstractCallSite.java:217)\r\n\tat com.kms.katalon.core.cucumber.keyword.CucumberBuiltinKeywords.runFeatureFile(CucumberBuiltinKeywords.groovy:248)\r\n\tat com.kms.katalon.core.cucumber.keyword.CucumberBuiltinKeywords$runFeatureFile.call(Unknown Source)\r\n\tat org.codehaus.groovy.runtime.callsite.CallSiteArray.defaultCall(CallSiteArray.java:47)\r\n\tat org.codehaus.groovy.runtime.callsite.AbstractCallSite.call(AbstractCallSite.java:116)\r\n\tat org.codehaus.groovy.runtime.callsite.AbstractCallSite.call(AbstractCallSite.java:128)\r\n\tat Script1702581095926.run(Script1702581095926.groovy:20)\r\n\tat com.kms.katalon.core.main.ScriptEngine.run(ScriptEngine.java:194)\r\n\tat com.kms.katalon.core.main.ScriptEngine.runScriptAsRawText(ScriptEngine.java:119)\r\n\tat com.kms.katalon.core.main.TestCaseExecutor.runScript(TestCaseExecutor.java:448)\r\n\tat com.kms.katalon.core.main.TestCaseExecutor.doExecute(TestCaseExecutor.java:439)\r\n\tat com.kms.katalon.core.main.TestCaseExecutor.processExecutionPhase(TestCaseExecutor.java:418)\r\n\tat com.kms.katalon.core.main.TestCaseExecutor.accessMainPhase(TestCaseExecutor.java:410)\r\n\tat com.kms.katalon.core.main.TestCaseExecutor.execute(TestCaseExecutor.java:285)\r\n\tat com.kms.katalon.core.common.CommonExecutor.accessTestCaseMainPhase(CommonExecutor.java:65)\r\n\tat com.kms.katalon.core.main.TestSuiteExecutor.accessTestSuiteMainPhase(TestSuiteExecutor.java:148)\r\n\tat com.kms.katalon.core.main.TestSuiteExecutor.execute(TestSuiteExecutor.java:106)\r\n\tat com.kms.katalon.core.main.TestCaseMain.startTestSuite(TestCaseMain.java:187)\r\n\tat com.kms.katalon.core.main.TestCaseMain$startTestSuite$0.call(Unknown Source)\r\n\tat org.codehaus.groovy.runtime.callsite.CallSiteArray.defaultCall(CallSiteArray.java:47)\r\n\tat org.codehaus.groovy.runtime.callsite.AbstractCallSite.call(AbstractCallSite.java:116)\r\n\tat org.codehaus.groovy.runtime.callsite.AbstractCallSite.call(AbstractCallSite.java:144)\r\n\tat TempTestSuite1702581191982.run(TempTestSuite1702581191982.groovy:36)\r\n\tat groovy.lang.GroovyShell.runScriptOrMainOrTestOrRunnable(GroovyShell.java:263)\r\n\tat groovy.lang.GroovyShell.run(GroovyShell.java:507)\r\n\tat groovy.lang.GroovyShell.run(GroovyShell.java:496)\r\n\tat groovy.ui.GroovyMain.processOnce(GroovyMain.java:597)\r\n\tat groovy.ui.GroovyMain.run(GroovyMain.java:329)\r\n\tat groovy.ui.GroovyMain.process(GroovyMain.java:315)\r\n\tat groovy.ui.GroovyMain.processArgs(GroovyMain.java:134)\r\n\tat groovy.ui.GroovyMain.main(GroovyMain.java:114)\r\n\tat sun.reflect.NativeMethodAccessorImpl.invoke0(Native Method)\r\n\tat sun.reflect.NativeMethodAccessorImpl.invoke(NativeMethodAccessorImpl.java:62)\r\n\tat sun.reflect.DelegatingMethodAccessorImpl.invoke(DelegatingMethodAccessorImpl.java:43)\r\n\tat java.lang.reflect.Method.invoke(Method.java:498)\r\n\tat org.codehaus.groovy.tools.GroovyStarter.rootLoader(GroovyStarter.java:116)\r\n\tat org.codehaus.groovy.tools.GroovyStarter.main(GroovyStarter.java:138)\r\n",
              "duration": 2551500,
              "status": "ambiguous"
            },
            "line": 21,
            "name": "I input invalid Dokter6@gmail.com and invalid xxx",
            "match": {},
            "keyword": "When "
          },
          {
            "result": {
              "status": "skipped"
            },
            "line": 22,
            "name": "I click login button",
            "match": {
              "location": "LoginDokter.clickLoginButton()"
            },
            "keyword": "Then "
          },
          {
            "result": {
              "status": "skipped"
            },
            "line": 23,
            "name": "Error message showed",
            "match": {
              "location": "LoginDokter.errorMessage()"
            },
            "keyword": "And "
          }
        ],
        "tags": [
          {
            "name": "@LoginPageDokter"
          },
          {
            "name": "@Negative-input-invalid"
          }
        ]
      },
      {
        "line": 28,
        "name": "Login with invalid data",
        "description": "",
        "id": "login;login-with-invalid-data;;3",
        "type": "scenario",
        "keyword": "Scenario Outline",
        "steps": [
          {
            "result": {
              "duration": 34528293600,
              "status": "passed"
            },
            "line": 20,
            "name": "I navigate to login page",
            "match": {
              "location": "LoginDokter.navigateLogin()"
            },
            "keyword": "Given "
          },
          {
            "result": {
              "error_message": "cucumber.runtime.AmbiguousStepDefinitionsException: \"I input invalid lalala and invalid Dokter@1\" matches more than one step definition:\n  \"I input (.*) and (.*)\" in LoginDokter.inputEmailPassword(String,String)\n  \"I input invalid (.*) and invalid (.*)\" in LoginDokter.inputBlankEmailPassword(String,String)\n\r\n\tat cucumber.runtime.RuntimeGlue.stepDefinitionMatch(RuntimeGlue.java:89)\r\n\tat cucumber.runner.Runner.addTestStepsForPickleSteps(Runner.java:73)\r\n\tat cucumber.runner.Runner.createTestCaseForPickle(Runner.java:63)\r\n\tat cucumber.runner.Runner.runPickle(Runner.java:43)\r\n\tat cucumber.runtime.Runtime.runFeature(Runtime.java:120)\r\n\tat cucumber.runtime.Runtime.run(Runtime.java:106)\r\n\tat cucumber.api.cli.Main.run(Main.java:35)\r\n\tat cucumber.api.cli.Main$run.call(Unknown Source)\r\n\tat org.codehaus.groovy.runtime.callsite.CallSiteArray.defaultCall(CallSiteArray.java:47)\r\n\tat org.codehaus.groovy.runtime.callsite.AbstractCallSite.call(AbstractCallSite.java:116)\r\n\tat org.codehaus.groovy.runtime.callsite.AbstractCallSite.call(AbstractCallSite.java:136)\r\n\tat com.kms.katalon.core.cucumber.keyword.CucumberBuiltinKeywords$_runFeatureFile_closure1.doCall(CucumberBuiltinKeywords.groovy:108)\r\n\tat com.kms.katalon.core.cucumber.keyword.CucumberBuiltinKeywords$_runFeatureFile_closure1.doCall(CucumberBuiltinKeywords.groovy)\r\n\tat sun.reflect.NativeMethodAccessorImpl.invoke0(Native Method)\r\n\tat sun.reflect.NativeMethodAccessorImpl.invoke(NativeMethodAccessorImpl.java:62)\r\n\tat sun.reflect.DelegatingMethodAccessorImpl.invoke(DelegatingMethodAccessorImpl.java:43)\r\n\tat java.lang.reflect.Method.invoke(Method.java:498)\r\n\tat org.codehaus.groovy.reflection.CachedMethod.invoke(CachedMethod.java:98)\r\n\tat groovy.lang.MetaMethod.doMethodInvoke(MetaMethod.java:325)\r\n\tat org.codehaus.groovy.runtime.metaclass.ClosureMetaClass.invokeMethod(ClosureMetaClass.java:264)\r\n\tat groovy.lang.MetaClassImpl.invokeMethod(MetaClassImpl.java:1034)\r\n\tat groovy.lang.Closure.call(Closure.java:420)\r\n\tat groovy.lang.Closure.call(Closure.java:414)\r\n\tat com.kms.katalon.core.keyword.internal.KeywordMain.runKeyword(KeywordMain.groovy:75)\r\n\tat com.kms.katalon.core.keyword.internal.KeywordMain.runKeyword(KeywordMain.groovy:69)\r\n\tat com.kms.katalon.core.keyword.internal.KeywordMain$runKeyword.call(Unknown Source)\r\n\tat org.codehaus.groovy.runtime.callsite.CallSiteArray.defaultCall(CallSiteArray.java:47)\r\n\tat org.codehaus.groovy.runtime.callsite.AbstractCallSite.call(AbstractCallSite.java:116)\r\n\tat org.codehaus.groovy.runtime.callsite.AbstractCallSite.call(AbstractCallSite.java:152)\r\n\tat com.kms.katalon.core.cucumber.keyword.CucumberBuiltinKeywords.runFeatureFile(CucumberBuiltinKeywords.groovy:75)\r\n\tat com.kms.katalon.core.cucumber.keyword.CucumberBuiltinKeywords$runFeatureFile$0.callStatic(Unknown Source)\r\n\tat org.codehaus.groovy.runtime.callsite.CallSiteArray.defaultCallStatic(CallSiteArray.java:55)\r\n\tat org.codehaus.groovy.runtime.callsite.AbstractCallSite.callStatic(AbstractCallSite.java:197)\r\n\tat org.codehaus.groovy.runtime.callsite.AbstractCallSite.callStatic(AbstractCallSite.java:217)\r\n\tat com.kms.katalon.core.cucumber.keyword.CucumberBuiltinKeywords.runFeatureFile(CucumberBuiltinKeywords.groovy:248)\r\n\tat com.kms.katalon.core.cucumber.keyword.CucumberBuiltinKeywords$runFeatureFile.call(Unknown Source)\r\n\tat org.codehaus.groovy.runtime.callsite.CallSiteArray.defaultCall(CallSiteArray.java:47)\r\n\tat org.codehaus.groovy.runtime.callsite.AbstractCallSite.call(AbstractCallSite.java:116)\r\n\tat org.codehaus.groovy.runtime.callsite.AbstractCallSite.call(AbstractCallSite.java:128)\r\n\tat Script1702581095926.run(Script1702581095926.groovy:20)\r\n\tat com.kms.katalon.core.main.ScriptEngine.run(ScriptEngine.java:194)\r\n\tat com.kms.katalon.core.main.ScriptEngine.runScriptAsRawText(ScriptEngine.java:119)\r\n\tat com.kms.katalon.core.main.TestCaseExecutor.runScript(TestCaseExecutor.java:448)\r\n\tat com.kms.katalon.core.main.TestCaseExecutor.doExecute(TestCaseExecutor.java:439)\r\n\tat com.kms.katalon.core.main.TestCaseExecutor.processExecutionPhase(TestCaseExecutor.java:418)\r\n\tat com.kms.katalon.core.main.TestCaseExecutor.accessMainPhase(TestCaseExecutor.java:410)\r\n\tat com.kms.katalon.core.main.TestCaseExecutor.execute(TestCaseExecutor.java:285)\r\n\tat com.kms.katalon.core.common.CommonExecutor.accessTestCaseMainPhase(CommonExecutor.java:65)\r\n\tat com.kms.katalon.core.main.TestSuiteExecutor.accessTestSuiteMainPhase(TestSuiteExecutor.java:148)\r\n\tat com.kms.katalon.core.main.TestSuiteExecutor.execute(TestSuiteExecutor.java:106)\r\n\tat com.kms.katalon.core.main.TestCaseMain.startTestSuite(TestCaseMain.java:187)\r\n\tat com.kms.katalon.core.main.TestCaseMain$startTestSuite$0.call(Unknown Source)\r\n\tat org.codehaus.groovy.runtime.callsite.CallSiteArray.defaultCall(CallSiteArray.java:47)\r\n\tat org.codehaus.groovy.runtime.callsite.AbstractCallSite.call(AbstractCallSite.java:116)\r\n\tat org.codehaus.groovy.runtime.callsite.AbstractCallSite.call(AbstractCallSite.java:144)\r\n\tat TempTestSuite1702581191982.run(TempTestSuite1702581191982.groovy:36)\r\n\tat groovy.lang.GroovyShell.runScriptOrMainOrTestOrRunnable(GroovyShell.java:263)\r\n\tat groovy.lang.GroovyShell.run(GroovyShell.java:507)\r\n\tat groovy.lang.GroovyShell.run(GroovyShell.java:496)\r\n\tat groovy.ui.GroovyMain.processOnce(GroovyMain.java:597)\r\n\tat groovy.ui.GroovyMain.run(GroovyMain.java:329)\r\n\tat groovy.ui.GroovyMain.process(GroovyMain.java:315)\r\n\tat groovy.ui.GroovyMain.processArgs(GroovyMain.java:134)\r\n\tat groovy.ui.GroovyMain.main(GroovyMain.java:114)\r\n\tat sun.reflect.NativeMethodAccessorImpl.invoke0(Native Method)\r\n\tat sun.reflect.NativeMethodAccessorImpl.invoke(NativeMethodAccessorImpl.java:62)\r\n\tat sun.reflect.DelegatingMethodAccessorImpl.invoke(DelegatingMethodAccessorImpl.java:43)\r\n\tat java.lang.reflect.Method.invoke(Method.java:498)\r\n\tat org.codehaus.groovy.tools.GroovyStarter.rootLoader(GroovyStarter.java:116)\r\n\tat org.codehaus.groovy.tools.GroovyStarter.main(GroovyStarter.java:138)\r\n",
              "duration": 718600,
              "status": "ambiguous"
            },
            "line": 21,
            "name": "I input invalid lalala and invalid Dokter@1",
            "match": {},
            "keyword": "When "
          },
          {
            "result": {
              "status": "skipped"
            },
            "line": 22,
            "name": "I click login button",
            "match": {
              "location": "LoginDokter.clickLoginButton()"
            },
            "keyword": "Then "
          },
          {
            "result": {
              "status": "skipped"
            },
            "line": 23,
            "name": "Error message showed",
            "match": {
              "location": "LoginDokter.errorMessage()"
            },
            "keyword": "And "
          }
        ],
        "tags": [
          {
            "name": "@LoginPageDokter"
          },
          {
            "name": "@Negative-input-invalid"
          }
        ]
      },
      {
        "line": 29,
        "name": "Login with invalid data",
        "description": "",
        "id": "login;login-with-invalid-data;;4",
        "type": "scenario",
        "keyword": "Scenario Outline",
        "steps": [
          {
            "result": {
              "duration": 9670318000,
              "status": "passed"
            },
            "line": 20,
            "name": "I navigate to login page",
            "match": {
              "location": "LoginDokter.navigateLogin()"
            },
            "keyword": "Given "
          },
          {
            "result": {
              "error_message": "cucumber.runtime.AmbiguousStepDefinitionsException: \"I input invalid lalala and invalid xxx\" matches more than one step definition:\n  \"I input (.*) and (.*)\" in LoginDokter.inputEmailPassword(String,String)\n  \"I input invalid (.*) and invalid (.*)\" in LoginDokter.inputBlankEmailPassword(String,String)\n\r\n\tat cucumber.runtime.RuntimeGlue.stepDefinitionMatch(RuntimeGlue.java:89)\r\n\tat cucumber.runner.Runner.addTestStepsForPickleSteps(Runner.java:73)\r\n\tat cucumber.runner.Runner.createTestCaseForPickle(Runner.java:63)\r\n\tat cucumber.runner.Runner.runPickle(Runner.java:43)\r\n\tat cucumber.runtime.Runtime.runFeature(Runtime.java:120)\r\n\tat cucumber.runtime.Runtime.run(Runtime.java:106)\r\n\tat cucumber.api.cli.Main.run(Main.java:35)\r\n\tat cucumber.api.cli.Main$run.call(Unknown Source)\r\n\tat org.codehaus.groovy.runtime.callsite.CallSiteArray.defaultCall(CallSiteArray.java:47)\r\n\tat org.codehaus.groovy.runtime.callsite.AbstractCallSite.call(AbstractCallSite.java:116)\r\n\tat org.codehaus.groovy.runtime.callsite.AbstractCallSite.call(AbstractCallSite.java:136)\r\n\tat com.kms.katalon.core.cucumber.keyword.CucumberBuiltinKeywords$_runFeatureFile_closure1.doCall(CucumberBuiltinKeywords.groovy:108)\r\n\tat com.kms.katalon.core.cucumber.keyword.CucumberBuiltinKeywords$_runFeatureFile_closure1.doCall(CucumberBuiltinKeywords.groovy)\r\n\tat sun.reflect.NativeMethodAccessorImpl.invoke0(Native Method)\r\n\tat sun.reflect.NativeMethodAccessorImpl.invoke(NativeMethodAccessorImpl.java:62)\r\n\tat sun.reflect.DelegatingMethodAccessorImpl.invoke(DelegatingMethodAccessorImpl.java:43)\r\n\tat java.lang.reflect.Method.invoke(Method.java:498)\r\n\tat org.codehaus.groovy.reflection.CachedMethod.invoke(CachedMethod.java:98)\r\n\tat groovy.lang.MetaMethod.doMethodInvoke(MetaMethod.java:325)\r\n\tat org.codehaus.groovy.runtime.metaclass.ClosureMetaClass.invokeMethod(ClosureMetaClass.java:264)\r\n\tat groovy.lang.MetaClassImpl.invokeMethod(MetaClassImpl.java:1034)\r\n\tat groovy.lang.Closure.call(Closure.java:420)\r\n\tat groovy.lang.Closure.call(Closure.java:414)\r\n\tat com.kms.katalon.core.keyword.internal.KeywordMain.runKeyword(KeywordMain.groovy:75)\r\n\tat com.kms.katalon.core.keyword.internal.KeywordMain.runKeyword(KeywordMain.groovy:69)\r\n\tat com.kms.katalon.core.keyword.internal.KeywordMain$runKeyword.call(Unknown Source)\r\n\tat org.codehaus.groovy.runtime.callsite.CallSiteArray.defaultCall(CallSiteArray.java:47)\r\n\tat org.codehaus.groovy.runtime.callsite.AbstractCallSite.call(AbstractCallSite.java:116)\r\n\tat org.codehaus.groovy.runtime.callsite.AbstractCallSite.call(AbstractCallSite.java:152)\r\n\tat com.kms.katalon.core.cucumber.keyword.CucumberBuiltinKeywords.runFeatureFile(CucumberBuiltinKeywords.groovy:75)\r\n\tat com.kms.katalon.core.cucumber.keyword.CucumberBuiltinKeywords$runFeatureFile$0.callStatic(Unknown Source)\r\n\tat org.codehaus.groovy.runtime.callsite.CallSiteArray.defaultCallStatic(CallSiteArray.java:55)\r\n\tat org.codehaus.groovy.runtime.callsite.AbstractCallSite.callStatic(AbstractCallSite.java:197)\r\n\tat org.codehaus.groovy.runtime.callsite.AbstractCallSite.callStatic(AbstractCallSite.java:217)\r\n\tat com.kms.katalon.core.cucumber.keyword.CucumberBuiltinKeywords.runFeatureFile(CucumberBuiltinKeywords.groovy:248)\r\n\tat com.kms.katalon.core.cucumber.keyword.CucumberBuiltinKeywords$runFeatureFile.call(Unknown Source)\r\n\tat org.codehaus.groovy.runtime.callsite.CallSiteArray.defaultCall(CallSiteArray.java:47)\r\n\tat org.codehaus.groovy.runtime.callsite.AbstractCallSite.call(AbstractCallSite.java:116)\r\n\tat org.codehaus.groovy.runtime.callsite.AbstractCallSite.call(AbstractCallSite.java:128)\r\n\tat Script1702581095926.run(Script1702581095926.groovy:20)\r\n\tat com.kms.katalon.core.main.ScriptEngine.run(ScriptEngine.java:194)\r\n\tat com.kms.katalon.core.main.ScriptEngine.runScriptAsRawText(ScriptEngine.java:119)\r\n\tat com.kms.katalon.core.main.TestCaseExecutor.runScript(TestCaseExecutor.java:448)\r\n\tat com.kms.katalon.core.main.TestCaseExecutor.doExecute(TestCaseExecutor.java:439)\r\n\tat com.kms.katalon.core.main.TestCaseExecutor.processExecutionPhase(TestCaseExecutor.java:418)\r\n\tat com.kms.katalon.core.main.TestCaseExecutor.accessMainPhase(TestCaseExecutor.java:410)\r\n\tat com.kms.katalon.core.main.TestCaseExecutor.execute(TestCaseExecutor.java:285)\r\n\tat com.kms.katalon.core.common.CommonExecutor.accessTestCaseMainPhase(CommonExecutor.java:65)\r\n\tat com.kms.katalon.core.main.TestSuiteExecutor.accessTestSuiteMainPhase(TestSuiteExecutor.java:148)\r\n\tat com.kms.katalon.core.main.TestSuiteExecutor.execute(TestSuiteExecutor.java:106)\r\n\tat com.kms.katalon.core.main.TestCaseMain.startTestSuite(TestCaseMain.java:187)\r\n\tat com.kms.katalon.core.main.TestCaseMain$startTestSuite$0.call(Unknown Source)\r\n\tat org.codehaus.groovy.runtime.callsite.CallSiteArray.defaultCall(CallSiteArray.java:47)\r\n\tat org.codehaus.groovy.runtime.callsite.AbstractCallSite.call(AbstractCallSite.java:116)\r\n\tat org.codehaus.groovy.runtime.callsite.AbstractCallSite.call(AbstractCallSite.java:144)\r\n\tat TempTestSuite1702581191982.run(TempTestSuite1702581191982.groovy:36)\r\n\tat groovy.lang.GroovyShell.runScriptOrMainOrTestOrRunnable(GroovyShell.java:263)\r\n\tat groovy.lang.GroovyShell.run(GroovyShell.java:507)\r\n\tat groovy.lang.GroovyShell.run(GroovyShell.java:496)\r\n\tat groovy.ui.GroovyMain.processOnce(GroovyMain.java:597)\r\n\tat groovy.ui.GroovyMain.run(GroovyMain.java:329)\r\n\tat groovy.ui.GroovyMain.process(GroovyMain.java:315)\r\n\tat groovy.ui.GroovyMain.processArgs(GroovyMain.java:134)\r\n\tat groovy.ui.GroovyMain.main(GroovyMain.java:114)\r\n\tat sun.reflect.NativeMethodAccessorImpl.invoke0(Native Method)\r\n\tat sun.reflect.NativeMethodAccessorImpl.invoke(NativeMethodAccessorImpl.java:62)\r\n\tat sun.reflect.DelegatingMethodAccessorImpl.invoke(DelegatingMethodAccessorImpl.java:43)\r\n\tat java.lang.reflect.Method.invoke(Method.java:498)\r\n\tat org.codehaus.groovy.tools.GroovyStarter.rootLoader(GroovyStarter.java:116)\r\n\tat org.codehaus.groovy.tools.GroovyStarter.main(GroovyStarter.java:138)\r\n",
              "duration": 513500,
              "status": "ambiguous"
            },
            "line": 21,
            "name": "I input invalid lalala and invalid xxx",
            "match": {},
            "keyword": "When "
          },
          {
            "result": {
              "status": "skipped"
            },
            "line": 22,
            "name": "I click login button",
            "match": {
              "location": "LoginDokter.clickLoginButton()"
            },
            "keyword": "Then "
          },
          {
            "result": {
              "status": "skipped"
            },
            "line": 23,
            "name": "Error message showed",
            "match": {
              "location": "LoginDokter.errorMessage()"
            },
            "keyword": "And "
          }
        ],
        "tags": [
          {
            "name": "@LoginPageDokter"
          },
          {
            "name": "@Negative-input-invalid"
          }
        ]
      },
      {
        "line": 40,
        "name": "Login with blank data",
        "description": "",
        "id": "login;login-with-blank-data;;2",
        "type": "scenario",
        "keyword": "Scenario Outline",
        "steps": [
          {
            "result": {
              "duration": 8103114100,
              "status": "passed"
            },
            "line": 33,
            "name": "I navigate to login page",
            "match": {
              "location": "LoginDokter.navigateLogin()"
            },
            "keyword": "Given "
          },
          {
            "result": {
              "error_message": "cucumber.runtime.AmbiguousStepDefinitionsException: \"I input blank  and blank Dokter@1\" matches more than one step definition:\n  \"I input (.*) and (.*)\" in LoginDokter.inputEmailPassword(String,String)\n  \"I input blank (.*) and blank (.*)\" in LoginDokter.inputInvalidEmailPassword(String,String)\n\r\n\tat cucumber.runtime.RuntimeGlue.stepDefinitionMatch(RuntimeGlue.java:89)\r\n\tat cucumber.runner.Runner.addTestStepsForPickleSteps(Runner.java:73)\r\n\tat cucumber.runner.Runner.createTestCaseForPickle(Runner.java:63)\r\n\tat cucumber.runner.Runner.runPickle(Runner.java:43)\r\n\tat cucumber.runtime.Runtime.runFeature(Runtime.java:120)\r\n\tat cucumber.runtime.Runtime.run(Runtime.java:106)\r\n\tat cucumber.api.cli.Main.run(Main.java:35)\r\n\tat cucumber.api.cli.Main$run.call(Unknown Source)\r\n\tat org.codehaus.groovy.runtime.callsite.CallSiteArray.defaultCall(CallSiteArray.java:47)\r\n\tat org.codehaus.groovy.runtime.callsite.AbstractCallSite.call(AbstractCallSite.java:116)\r\n\tat org.codehaus.groovy.runtime.callsite.AbstractCallSite.call(AbstractCallSite.java:136)\r\n\tat com.kms.katalon.core.cucumber.keyword.CucumberBuiltinKeywords$_runFeatureFile_closure1.doCall(CucumberBuiltinKeywords.groovy:108)\r\n\tat com.kms.katalon.core.cucumber.keyword.CucumberBuiltinKeywords$_runFeatureFile_closure1.doCall(CucumberBuiltinKeywords.groovy)\r\n\tat sun.reflect.NativeMethodAccessorImpl.invoke0(Native Method)\r\n\tat sun.reflect.NativeMethodAccessorImpl.invoke(NativeMethodAccessorImpl.java:62)\r\n\tat sun.reflect.DelegatingMethodAccessorImpl.invoke(DelegatingMethodAccessorImpl.java:43)\r\n\tat java.lang.reflect.Method.invoke(Method.java:498)\r\n\tat org.codehaus.groovy.reflection.CachedMethod.invoke(CachedMethod.java:98)\r\n\tat groovy.lang.MetaMethod.doMethodInvoke(MetaMethod.java:325)\r\n\tat org.codehaus.groovy.runtime.metaclass.ClosureMetaClass.invokeMethod(ClosureMetaClass.java:264)\r\n\tat groovy.lang.MetaClassImpl.invokeMethod(MetaClassImpl.java:1034)\r\n\tat groovy.lang.Closure.call(Closure.java:420)\r\n\tat groovy.lang.Closure.call(Closure.java:414)\r\n\tat com.kms.katalon.core.keyword.internal.KeywordMain.runKeyword(KeywordMain.groovy:75)\r\n\tat com.kms.katalon.core.keyword.internal.KeywordMain.runKeyword(KeywordMain.groovy:69)\r\n\tat com.kms.katalon.core.keyword.internal.KeywordMain$runKeyword.call(Unknown Source)\r\n\tat org.codehaus.groovy.runtime.callsite.CallSiteArray.defaultCall(CallSiteArray.java:47)\r\n\tat org.codehaus.groovy.runtime.callsite.AbstractCallSite.call(AbstractCallSite.java:116)\r\n\tat org.codehaus.groovy.runtime.callsite.AbstractCallSite.call(AbstractCallSite.java:152)\r\n\tat com.kms.katalon.core.cucumber.keyword.CucumberBuiltinKeywords.runFeatureFile(CucumberBuiltinKeywords.groovy:75)\r\n\tat com.kms.katalon.core.cucumber.keyword.CucumberBuiltinKeywords$runFeatureFile$0.callStatic(Unknown Source)\r\n\tat org.codehaus.groovy.runtime.callsite.CallSiteArray.defaultCallStatic(CallSiteArray.java:55)\r\n\tat org.codehaus.groovy.runtime.callsite.AbstractCallSite.callStatic(AbstractCallSite.java:197)\r\n\tat org.codehaus.groovy.runtime.callsite.AbstractCallSite.callStatic(AbstractCallSite.java:217)\r\n\tat com.kms.katalon.core.cucumber.keyword.CucumberBuiltinKeywords.runFeatureFile(CucumberBuiltinKeywords.groovy:248)\r\n\tat com.kms.katalon.core.cucumber.keyword.CucumberBuiltinKeywords$runFeatureFile.call(Unknown Source)\r\n\tat org.codehaus.groovy.runtime.callsite.CallSiteArray.defaultCall(CallSiteArray.java:47)\r\n\tat org.codehaus.groovy.runtime.callsite.AbstractCallSite.call(AbstractCallSite.java:116)\r\n\tat org.codehaus.groovy.runtime.callsite.AbstractCallSite.call(AbstractCallSite.java:128)\r\n\tat Script1702581095926.run(Script1702581095926.groovy:20)\r\n\tat com.kms.katalon.core.main.ScriptEngine.run(ScriptEngine.java:194)\r\n\tat com.kms.katalon.core.main.ScriptEngine.runScriptAsRawText(ScriptEngine.java:119)\r\n\tat com.kms.katalon.core.main.TestCaseExecutor.runScript(TestCaseExecutor.java:448)\r\n\tat com.kms.katalon.core.main.TestCaseExecutor.doExecute(TestCaseExecutor.java:439)\r\n\tat com.kms.katalon.core.main.TestCaseExecutor.processExecutionPhase(TestCaseExecutor.java:418)\r\n\tat com.kms.katalon.core.main.TestCaseExecutor.accessMainPhase(TestCaseExecutor.java:410)\r\n\tat com.kms.katalon.core.main.TestCaseExecutor.execute(TestCaseExecutor.java:285)\r\n\tat com.kms.katalon.core.common.CommonExecutor.accessTestCaseMainPhase(CommonExecutor.java:65)\r\n\tat com.kms.katalon.core.main.TestSuiteExecutor.accessTestSuiteMainPhase(TestSuiteExecutor.java:148)\r\n\tat com.kms.katalon.core.main.TestSuiteExecutor.execute(TestSuiteExecutor.java:106)\r\n\tat com.kms.katalon.core.main.TestCaseMain.startTestSuite(TestCaseMain.java:187)\r\n\tat com.kms.katalon.core.main.TestCaseMain$startTestSuite$0.call(Unknown Source)\r\n\tat org.codehaus.groovy.runtime.callsite.CallSiteArray.defaultCall(CallSiteArray.java:47)\r\n\tat org.codehaus.groovy.runtime.callsite.AbstractCallSite.call(AbstractCallSite.java:116)\r\n\tat org.codehaus.groovy.runtime.callsite.AbstractCallSite.call(AbstractCallSite.java:144)\r\n\tat TempTestSuite1702581191982.run(TempTestSuite1702581191982.groovy:36)\r\n\tat groovy.lang.GroovyShell.runScriptOrMainOrTestOrRunnable(GroovyShell.java:263)\r\n\tat groovy.lang.GroovyShell.run(GroovyShell.java:507)\r\n\tat groovy.lang.GroovyShell.run(GroovyShell.java:496)\r\n\tat groovy.ui.GroovyMain.processOnce(GroovyMain.java:597)\r\n\tat groovy.ui.GroovyMain.run(GroovyMain.java:329)\r\n\tat groovy.ui.GroovyMain.process(GroovyMain.java:315)\r\n\tat groovy.ui.GroovyMain.processArgs(GroovyMain.java:134)\r\n\tat groovy.ui.GroovyMain.main(GroovyMain.java:114)\r\n\tat sun.reflect.NativeMethodAccessorImpl.invoke0(Native Method)\r\n\tat sun.reflect.NativeMethodAccessorImpl.invoke(NativeMethodAccessorImpl.java:62)\r\n\tat sun.reflect.DelegatingMethodAccessorImpl.invoke(DelegatingMethodAccessorImpl.java:43)\r\n\tat java.lang.reflect.Method.invoke(Method.java:498)\r\n\tat org.codehaus.groovy.tools.GroovyStarter.rootLoader(GroovyStarter.java:116)\r\n\tat org.codehaus.groovy.tools.GroovyStarter.main(GroovyStarter.java:138)\r\n",
              "duration": 858500,
              "status": "ambiguous"
            },
            "line": 34,
            "name": "I input blank  and blank Dokter@1",
            "match": {},
            "keyword": "When "
          },
          {
            "result": {
              "status": "skipped"
            },
            "line": 35,
            "name": "I click login button",
            "match": {
              "location": "LoginDokter.clickLoginButton()"
            },
            "keyword": "Then "
          },
          {
            "result": {
              "status": "skipped"
            },
            "line": 36,
            "name": "Error message showed",
            "match": {
              "location": "LoginDokter.errorMessage()"
            },
            "keyword": "And "
          }
        ],
        "tags": [
          {
            "name": "@LoginPageDokter"
          },
          {
            "name": "@Negative-input-blank"
          }
        ]
      },
      {
        "line": 41,
        "name": "Login with blank data",
        "description": "",
        "id": "login;login-with-blank-data;;3",
        "type": "scenario",
        "keyword": "Scenario Outline",
        "steps": [
          {
            "result": {
              "duration": 8427065000,
              "status": "passed"
            },
            "line": 33,
            "name": "I navigate to login page",
            "match": {
              "location": "LoginDokter.navigateLogin()"
            },
            "keyword": "Given "
          },
          {
            "result": {
              "error_message": "cucumber.runtime.AmbiguousStepDefinitionsException: \"I input blank Dokter6@gmail.com and blank \" matches more than one step definition:\n  \"I input (.*) and (.*)\" in LoginDokter.inputEmailPassword(String,String)\n  \"I input blank (.*) and blank (.*)\" in LoginDokter.inputInvalidEmailPassword(String,String)\n\r\n\tat cucumber.runtime.RuntimeGlue.stepDefinitionMatch(RuntimeGlue.java:89)\r\n\tat cucumber.runner.Runner.addTestStepsForPickleSteps(Runner.java:73)\r\n\tat cucumber.runner.Runner.createTestCaseForPickle(Runner.java:63)\r\n\tat cucumber.runner.Runner.runPickle(Runner.java:43)\r\n\tat cucumber.runtime.Runtime.runFeature(Runtime.java:120)\r\n\tat cucumber.runtime.Runtime.run(Runtime.java:106)\r\n\tat cucumber.api.cli.Main.run(Main.java:35)\r\n\tat cucumber.api.cli.Main$run.call(Unknown Source)\r\n\tat org.codehaus.groovy.runtime.callsite.CallSiteArray.defaultCall(CallSiteArray.java:47)\r\n\tat org.codehaus.groovy.runtime.callsite.AbstractCallSite.call(AbstractCallSite.java:116)\r\n\tat org.codehaus.groovy.runtime.callsite.AbstractCallSite.call(AbstractCallSite.java:136)\r\n\tat com.kms.katalon.core.cucumber.keyword.CucumberBuiltinKeywords$_runFeatureFile_closure1.doCall(CucumberBuiltinKeywords.groovy:108)\r\n\tat com.kms.katalon.core.cucumber.keyword.CucumberBuiltinKeywords$_runFeatureFile_closure1.doCall(CucumberBuiltinKeywords.groovy)\r\n\tat sun.reflect.NativeMethodAccessorImpl.invoke0(Native Method)\r\n\tat sun.reflect.NativeMethodAccessorImpl.invoke(NativeMethodAccessorImpl.java:62)\r\n\tat sun.reflect.DelegatingMethodAccessorImpl.invoke(DelegatingMethodAccessorImpl.java:43)\r\n\tat java.lang.reflect.Method.invoke(Method.java:498)\r\n\tat org.codehaus.groovy.reflection.CachedMethod.invoke(CachedMethod.java:98)\r\n\tat groovy.lang.MetaMethod.doMethodInvoke(MetaMethod.java:325)\r\n\tat org.codehaus.groovy.runtime.metaclass.ClosureMetaClass.invokeMethod(ClosureMetaClass.java:264)\r\n\tat groovy.lang.MetaClassImpl.invokeMethod(MetaClassImpl.java:1034)\r\n\tat groovy.lang.Closure.call(Closure.java:420)\r\n\tat groovy.lang.Closure.call(Closure.java:414)\r\n\tat com.kms.katalon.core.keyword.internal.KeywordMain.runKeyword(KeywordMain.groovy:75)\r\n\tat com.kms.katalon.core.keyword.internal.KeywordMain.runKeyword(KeywordMain.groovy:69)\r\n\tat com.kms.katalon.core.keyword.internal.KeywordMain$runKeyword.call(Unknown Source)\r\n\tat org.codehaus.groovy.runtime.callsite.CallSiteArray.defaultCall(CallSiteArray.java:47)\r\n\tat org.codehaus.groovy.runtime.callsite.AbstractCallSite.call(AbstractCallSite.java:116)\r\n\tat org.codehaus.groovy.runtime.callsite.AbstractCallSite.call(AbstractCallSite.java:152)\r\n\tat com.kms.katalon.core.cucumber.keyword.CucumberBuiltinKeywords.runFeatureFile(CucumberBuiltinKeywords.groovy:75)\r\n\tat com.kms.katalon.core.cucumber.keyword.CucumberBuiltinKeywords$runFeatureFile$0.callStatic(Unknown Source)\r\n\tat org.codehaus.groovy.runtime.callsite.CallSiteArray.defaultCallStatic(CallSiteArray.java:55)\r\n\tat org.codehaus.groovy.runtime.callsite.AbstractCallSite.callStatic(AbstractCallSite.java:197)\r\n\tat org.codehaus.groovy.runtime.callsite.AbstractCallSite.callStatic(AbstractCallSite.java:217)\r\n\tat com.kms.katalon.core.cucumber.keyword.CucumberBuiltinKeywords.runFeatureFile(CucumberBuiltinKeywords.groovy:248)\r\n\tat com.kms.katalon.core.cucumber.keyword.CucumberBuiltinKeywords$runFeatureFile.call(Unknown Source)\r\n\tat org.codehaus.groovy.runtime.callsite.CallSiteArray.defaultCall(CallSiteArray.java:47)\r\n\tat org.codehaus.groovy.runtime.callsite.AbstractCallSite.call(AbstractCallSite.java:116)\r\n\tat org.codehaus.groovy.runtime.callsite.AbstractCallSite.call(AbstractCallSite.java:128)\r\n\tat Script1702581095926.run(Script1702581095926.groovy:20)\r\n\tat com.kms.katalon.core.main.ScriptEngine.run(ScriptEngine.java:194)\r\n\tat com.kms.katalon.core.main.ScriptEngine.runScriptAsRawText(ScriptEngine.java:119)\r\n\tat com.kms.katalon.core.main.TestCaseExecutor.runScript(TestCaseExecutor.java:448)\r\n\tat com.kms.katalon.core.main.TestCaseExecutor.doExecute(TestCaseExecutor.java:439)\r\n\tat com.kms.katalon.core.main.TestCaseExecutor.processExecutionPhase(TestCaseExecutor.java:418)\r\n\tat com.kms.katalon.core.main.TestCaseExecutor.accessMainPhase(TestCaseExecutor.java:410)\r\n\tat com.kms.katalon.core.main.TestCaseExecutor.execute(TestCaseExecutor.java:285)\r\n\tat com.kms.katalon.core.common.CommonExecutor.accessTestCaseMainPhase(CommonExecutor.java:65)\r\n\tat com.kms.katalon.core.main.TestSuiteExecutor.accessTestSuiteMainPhase(TestSuiteExecutor.java:148)\r\n\tat com.kms.katalon.core.main.TestSuiteExecutor.execute(TestSuiteExecutor.java:106)\r\n\tat com.kms.katalon.core.main.TestCaseMain.startTestSuite(TestCaseMain.java:187)\r\n\tat com.kms.katalon.core.main.TestCaseMain$startTestSuite$0.call(Unknown Source)\r\n\tat org.codehaus.groovy.runtime.callsite.CallSiteArray.defaultCall(CallSiteArray.java:47)\r\n\tat org.codehaus.groovy.runtime.callsite.AbstractCallSite.call(AbstractCallSite.java:116)\r\n\tat org.codehaus.groovy.runtime.callsite.AbstractCallSite.call(AbstractCallSite.java:144)\r\n\tat TempTestSuite1702581191982.run(TempTestSuite1702581191982.groovy:36)\r\n\tat groovy.lang.GroovyShell.runScriptOrMainOrTestOrRunnable(GroovyShell.java:263)\r\n\tat groovy.lang.GroovyShell.run(GroovyShell.java:507)\r\n\tat groovy.lang.GroovyShell.run(GroovyShell.java:496)\r\n\tat groovy.ui.GroovyMain.processOnce(GroovyMain.java:597)\r\n\tat groovy.ui.GroovyMain.run(GroovyMain.java:329)\r\n\tat groovy.ui.GroovyMain.process(GroovyMain.java:315)\r\n\tat groovy.ui.GroovyMain.processArgs(GroovyMain.java:134)\r\n\tat groovy.ui.GroovyMain.main(GroovyMain.java:114)\r\n\tat sun.reflect.NativeMethodAccessorImpl.invoke0(Native Method)\r\n\tat sun.reflect.NativeMethodAccessorImpl.invoke(NativeMethodAccessorImpl.java:62)\r\n\tat sun.reflect.DelegatingMethodAccessorImpl.invoke(DelegatingMethodAccessorImpl.java:43)\r\n\tat java.lang.reflect.Method.invoke(Method.java:498)\r\n\tat org.codehaus.groovy.tools.GroovyStarter.rootLoader(GroovyStarter.java:116)\r\n\tat org.codehaus.groovy.tools.GroovyStarter.main(GroovyStarter.java:138)\r\n",
              "duration": 880500,
              "status": "ambiguous"
            },
            "line": 34,
            "name": "I input blank Dokter6@gmail.com and blank ",
            "match": {},
            "keyword": "When "
          },
          {
            "result": {
              "status": "skipped"
            },
            "line": 35,
            "name": "I click login button",
            "match": {
              "location": "LoginDokter.clickLoginButton()"
            },
            "keyword": "Then "
          },
          {
            "result": {
              "status": "skipped"
            },
            "line": 36,
            "name": "Error message showed",
            "match": {
              "location": "LoginDokter.errorMessage()"
            },
            "keyword": "And "
          }
        ],
        "tags": [
          {
            "name": "@LoginPageDokter"
          },
          {
            "name": "@Negative-input-blank"
          }
        ]
      },
      {
        "line": 44,
        "name": "Login with Google account",
        "description": "",
        "id": "login;login-with-google-account",
        "type": "scenario",
        "keyword": "Scenario",
        "steps": [
          {
            "result": {
              "duration": 9860296500,
              "status": "passed"
            },
            "line": 45,
            "name": "I navigate to login page",
            "match": {
              "location": "LoginDokter.navigateLogin()"
            },
            "keyword": "Given "
          },
          {
            "result": {
              "duration": 3262397300,
              "status": "passed"
            },
            "line": 46,
            "name": "I click button login by Google",
            "match": {
              "location": "LoginDokter.clickLoginGoogle()"
            },
            "keyword": "When "
          },
          {
            "result": {
              "duration": 846794500,
              "status": "passed"
            },
            "line": 47,
            "name": "I navigate to choose my Google account",
            "match": {
              "location": "LoginDokter.navigateGoogleAccount()"
            },
            "keyword": "Then "
          }
        ],
        "tags": [
          {
            "name": "@LoginPageDokter"
          },
          {
            "name": "@Positive-by-google"
          }
        ]
      },
      {
        "line": 50,
        "name": "Forgot Password",
        "description": "",
        "id": "login;forgot-password",
        "type": "scenario",
        "keyword": "Scenario",
        "steps": [
          {
            "result": {
              "duration": 7382495200,
              "status": "passed"
            },
            "line": 51,
            "name": "I navigate to login page",
            "match": {
              "location": "LoginDokter.navigateLogin()"
            },
            "keyword": "Given "
          },
          {
            "result": {
              "duration": 3180532200,
              "status": "passed"
            },
            "line": 52,
            "name": "I click button forgot password",
            "match": {
              "location": "LoginDokter.clickLoginButtonForgotPW()"
            },
            "keyword": "When "
          },
          {
            "result": {
              "duration": 3588100500,
              "status": "passed"
            },
            "line": 53,
            "name": "I navigate to reset password page",
            "match": {
              "location": "LoginDokter.navigateLoginResetPW()"
            },
            "keyword": "Then "
          }
        ],
        "tags": [
          {
            "name": "@LoginPageDokter"
          },
          {
            "name": "@Positive-Forgot-Password"
          }
        ]
      },
      {
        "line": 56,
        "name": "Verify Regist",
        "description": "",
        "id": "login;verify-regist",
        "type": "scenario",
        "keyword": "Scenario",
        "steps": [
          {
            "result": {
              "duration": 10744854900,
              "status": "passed"
            },
            "line": 57,
            "name": "I navigate to login page",
            "match": {
              "location": "LoginDokter.navigateLogin()"
            },
            "keyword": "Given "
          },
          {
            "result": {
              "duration": 3172942900,
              "status": "passed"
            },
            "line": 58,
            "name": "I click button regist",
            "match": {
              "location": "LoginDokter.clickLoginButtonRegist()"
            },
            "keyword": "When "
          },
          {
            "result": {
              "duration": 3719343600,
              "status": "passed"
            },
            "line": 59,
            "name": "I navigate to regist page",
            "match": {
              "location": "LoginDokter.navigateLoginRegistPage()"
            },
            "keyword": "Then "
          }
        ],
        "tags": [
          {
            "name": "@LoginPageDokter"
          },
          {
            "name": "@Positive-Verify-RegistButton"
          }
        ]
      }
    ],
    "name": "Login",
    "description": "  As a user\n  I want to login with my registered account\n  So that I can manage my account",
    "id": "login",
    "keyword": "Feature",
    "uri": "C:/Users/laras/OneDrive/Documents/Studi Independen/Altera/Capstone Project/WebsiteTest/Include/features/Dokter/Dokter-Login.feature",
    "tags": [
      {
        "name": "@LoginPageDokter",
        "type": "Tag",
        "location": {
          "line": 1,
          "column": 1
        }
      }
    ]
  }
]